<?xml version="1.0" encoding="UTF-8"?>
<!-- Generated by org.testng.reporters.JUnitReportReporter -->
<testsuite hostname="LAPTOP-VBS2FC7A" failures="0" tests="1" name="TesDemo.get_listBook" time="2.978" errors="0" timestamp="2022-10-01T20:24:52 ICT" skipped="0">
  <testcase classname="TesDemo.get_listBook" name="getListBook" time="2.978"/>
  <system-out/>
</testsuite> <!-- TesDemo.get_listBook -->
